<?xml version="1.0" encoding="UTF-8"?>
<!-- Generated by org.testng.reporters.JUnitReportReporter -->
<testsuite hostname="SadiaSamin" failures="0" tests="4" name="Test_NG_Classes.EX_TEST" time="0.029" errors="0" timestamp="2024-10-07T02:46:45 CDT" skipped="0">
  <testcase classname="Test_NG_Classes.EX_TEST" name="TC3" time="0.001"/>
  <testcase classname="Test_NG_Classes.EX_TEST" name="TC1_verify_homepage" time="0.023"/>
  <testcase classname="Test_NG_Classes.EX_TEST" name="TC2_validate_login" time="0.003"/>
  <testcase classname="Test_NG_Classes.EX_TEST" name="TC4_verify_email_field" time="0.002"/>
</testsuite> <!-- Test_NG_Classes.EX_TEST -->
